<?xml version="1.0" encoding="UTF-8"?>
<testng-results skipped="0" failed="0" ignored="0" total="1" passed="1">
  <reporter-output>
  </reporter-output>
  <suite name="Default suite" duration-ms="37940" started-at="2020-05-14T20:18:21 CDT" finished-at="2020-05-14T20:18:59 CDT">
    <groups>
    </groups>
    <test name="Default test" duration-ms="37940" started-at="2020-05-14T20:18:21 CDT" finished-at="2020-05-14T20:18:59 CDT">
      <class name="E2E.UAL.HomePageTest">
        <test-method status="PASS" signature="initialize()[pri:0, instance:E2E.UAL.HomePageTest@30b8a058]" name="initialize" is-config="true" duration-ms="7458" started-at="2020-05-14T20:18:21 CDT" finished-at="2020-05-14T20:18:28 CDT">
          <reporter-output>
          </reporter-output>
        </test-method> <!-- initialize -->
        <test-method status="PASS" signature="OneWayTripTest()[pri:0, instance:E2E.UAL.HomePageTest@30b8a058]" name="OneWayTripTest" duration-ms="24943" started-at="2020-05-14T20:18:28 CDT" finished-at="2020-05-14T20:18:53 CDT">
          <reporter-output>
          </reporter-output>
        </test-method> <!-- OneWayTripTest -->
        <test-method status="PASS" signature="teardown()[pri:0, instance:E2E.UAL.HomePageTest@30b8a058]" name="teardown" is-config="true" duration-ms="5479" started-at="2020-05-14T20:18:53 CDT" finished-at="2020-05-14T20:18:59 CDT">
          <reporter-output>
          </reporter-output>
        </test-method> <!-- teardown -->
      </class> <!-- E2E.UAL.HomePageTest -->
    </test> <!-- Default test -->
  </suite> <!-- Default suite -->
</testng-results>
